-------------------------------------------------------------------------------
Test set: com.hexaware.lms.service.LoanTypeServiceImplTest
-------------------------------------------------------------------------------
Tests run: 3, Failures: 0, Errors: 3, Skipped: 0, Time elapsed: 3.173 s <<< FAILURE! - in com.hexaware.lms.service.LoanTypeServiceImplTest
testViewAvailableLoans  Time elapsed: 0 s  <<< ERROR!
java.lang.IllegalStateException: Failed to load ApplicationContext for [WebMergedContextConfiguration@1a8eed09 testClass = com.hexaware.lms.service.LoanTypeServiceImplTest, locations = [], classes = [com.hexaware.lms.JaFsdLoanMsApplication], contextInitializerClasses = [], activeProfiles = [], propertySourceLocations = [], propertySourceProperties = ["org.springframework.boot.test.context.SpringBootTestContextBootstrapper=true"], contextCustomizers = [org.springframework.boot.test.context.filter.ExcludeFilterContextCustomizer@1e8b7643, org.springframework.boot.test.json.DuplicateJsonObjectContextCustomizerFactory$DuplicateJsonObjectContextCustomizer@432038ec, org.springframework.boot.test.mock.mockito.MockitoContextCustomizer@0, org.springframework.boot.test.web.client.TestRestTemplateContextCustomizer@413f69cc, org.springframework.boot.test.autoconfigure.actuate.observability.ObservabilityContextCustomizerFactory$DisableObservabilityContextCustomizer@9da1, org.springframework.boot.test.autoconfigure.properties.PropertyMappingContextCustomizer@0, org.springframework.boot.test.autoconfigure.web.servlet.WebDriverContextCustomizerFactory$Customizer@5c44c582, org.springframework.boot.test.context.SpringBootTestAnnotation@97de2365], resourceBasePath = "src/main/webapp", contextLoader = org.springframework.boot.test.context.SpringBootContextLoader, parent = null]
Caused by: org.springframework.beans.factory.UnsatisfiedDependencyException: Error creating bean with name 'adminRestController': Unsatisfied dependency expressed through field 'loanService': Error creating bean with name 'loanServiceImpl': Unsatisfied dependency expressed through field 'loanRepo': Error creating bean with name 'loanRepository' defined in com.hexaware.lms.repository.LoanRepository defined in @EnableJpaRepositories declared on JpaRepositoriesRegistrar.EnableJpaRepositoriesConfiguration: Could not create query for public abstract com.hexaware.lms.entities.LoanApplication com.hexaware.lms.repository.LoanRepository.propertiesToCalculate(long,long); Reason: Validation failed for query for method public abstract com.hexaware.lms.entities.LoanApplication com.hexaware.lms.repository.LoanRepository.propertiesToCalculate(long,long)
Caused by: org.springframework.beans.factory.UnsatisfiedDependencyException: Error creating bean with name 'loanServiceImpl': Unsatisfied dependency expressed through field 'loanRepo': Error creating bean with name 'loanRepository' defined in com.hexaware.lms.repository.LoanRepository defined in @EnableJpaRepositories declared on JpaRepositoriesRegistrar.EnableJpaRepositoriesConfiguration: Could not create query for public abstract com.hexaware.lms.entities.LoanApplication com.hexaware.lms.repository.LoanRepository.propertiesToCalculate(long,long); Reason: Validation failed for query for method public abstract com.hexaware.lms.entities.LoanApplication com.hexaware.lms.repository.LoanRepository.propertiesToCalculate(long,long)
Caused by: org.springframework.beans.factory.BeanCreationException: Error creating bean with name 'loanRepository' defined in com.hexaware.lms.repository.LoanRepository defined in @EnableJpaRepositories declared on JpaRepositoriesRegistrar.EnableJpaRepositoriesConfiguration: Could not create query for public abstract com.hexaware.lms.entities.LoanApplication com.hexaware.lms.repository.LoanRepository.propertiesToCalculate(long,long); Reason: Validation failed for query for method public abstract com.hexaware.lms.entities.LoanApplication com.hexaware.lms.repository.LoanRepository.propertiesToCalculate(long,long)
Caused by: org.springframework.data.repository.query.QueryCreationException: Could not create query for public abstract com.hexaware.lms.entities.LoanApplication com.hexaware.lms.repository.LoanRepository.propertiesToCalculate(long,long); Reason: Validation failed for query for method public abstract com.hexaware.lms.entities.LoanApplication com.hexaware.lms.repository.LoanRepository.propertiesToCalculate(long,long)
Caused by: java.lang.IllegalArgumentException: Validation failed for query for method public abstract com.hexaware.lms.entities.LoanApplication com.hexaware.lms.repository.LoanRepository.propertiesToCalculate(long,long)
Caused by: java.lang.IllegalArgumentException: org.hibernate.query.sqm.InterpretationException: Error interpreting query [select lp from LoanApplication lp where lp.loanId=?1 and lp.customer.customerId = ?2]; this may indicate a semantic (user query) problem or a bug in the parser [select lp from LoanApplication lp where lp.loanId=?1 and lp.customer.customerId = ?2]
Caused by: org.hibernate.query.sqm.InterpretationException: Error interpreting query [select lp from LoanApplication lp where lp.loanId=?1 and lp.customer.customerId = ?2]; this may indicate a semantic (user query) problem or a bug in the parser [select lp from LoanApplication lp where lp.loanId=?1 and lp.customer.customerId = ?2]
Caused by: java.lang.IllegalArgumentException: org.hibernate.query.SemanticException: Could not resolve attribute 'customerId' of 'com.hexaware.lms.entities.User'
Caused by: org.hibernate.query.SemanticException: Could not resolve attribute 'customerId' of 'com.hexaware.lms.entities.User'

testUpdateLoanType  Time elapsed: 0.001 s  <<< ERROR!
java.lang.IllegalStateException: Failed to load ApplicationContext for [WebMergedContextConfiguration@1a8eed09 testClass = com.hexaware.lms.service.LoanTypeServiceImplTest, locations = [], classes = [com.hexaware.lms.JaFsdLoanMsApplication], contextInitializerClasses = [], activeProfiles = [], propertySourceLocations = [], propertySourceProperties = ["org.springframework.boot.test.context.SpringBootTestContextBootstrapper=true"], contextCustomizers = [org.springframework.boot.test.context.filter.ExcludeFilterContextCustomizer@1e8b7643, org.springframework.boot.test.json.DuplicateJsonObjectContextCustomizerFactory$DuplicateJsonObjectContextCustomizer@432038ec, org.springframework.boot.test.mock.mockito.MockitoContextCustomizer@0, org.springframework.boot.test.web.client.TestRestTemplateContextCustomizer@413f69cc, org.springframework.boot.test.autoconfigure.actuate.observability.ObservabilityContextCustomizerFactory$DisableObservabilityContextCustomizer@9da1, org.springframework.boot.test.autoconfigure.properties.PropertyMappingContextCustomizer@0, org.springframework.boot.test.autoconfigure.web.servlet.WebDriverContextCustomizerFactory$Customizer@5c44c582, org.springframework.boot.test.context.SpringBootTestAnnotation@97de2365], resourceBasePath = "src/main/webapp", contextLoader = org.springframework.boot.test.context.SpringBootContextLoader, parent = null]
Caused by: org.springframework.beans.factory.UnsatisfiedDependencyException: Error creating bean with name 'adminRestController': Unsatisfied dependency expressed through field 'loanService': Error creating bean with name 'loanServiceImpl': Unsatisfied dependency expressed through field 'loanRepo': Error creating bean with name 'loanRepository' defined in com.hexaware.lms.repository.LoanRepository defined in @EnableJpaRepositories declared on JpaRepositoriesRegistrar.EnableJpaRepositoriesConfiguration: Could not create query for public abstract com.hexaware.lms.entities.LoanApplication com.hexaware.lms.repository.LoanRepository.propertiesToCalculate(long,long); Reason: Validation failed for query for method public abstract com.hexaware.lms.entities.LoanApplication com.hexaware.lms.repository.LoanRepository.propertiesToCalculate(long,long)
Caused by: org.springframework.beans.factory.UnsatisfiedDependencyException: Error creating bean with name 'loanServiceImpl': Unsatisfied dependency expressed through field 'loanRepo': Error creating bean with name 'loanRepository' defined in com.hexaware.lms.repository.LoanRepository defined in @EnableJpaRepositories declared on JpaRepositoriesRegistrar.EnableJpaRepositoriesConfiguration: Could not create query for public abstract com.hexaware.lms.entities.LoanApplication com.hexaware.lms.repository.LoanRepository.propertiesToCalculate(long,long); Reason: Validation failed for query for method public abstract com.hexaware.lms.entities.LoanApplication com.hexaware.lms.repository.LoanRepository.propertiesToCalculate(long,long)
Caused by: org.springframework.beans.factory.BeanCreationException: Error creating bean with name 'loanRepository' defined in com.hexaware.lms.repository.LoanRepository defined in @EnableJpaRepositories declared on JpaRepositoriesRegistrar.EnableJpaRepositoriesConfiguration: Could not create query for public abstract com.hexaware.lms.entities.LoanApplication com.hexaware.lms.repository.LoanRepository.propertiesToCalculate(long,long); Reason: Validation failed for query for method public abstract com.hexaware.lms.entities.LoanApplication com.hexaware.lms.repository.LoanRepository.propertiesToCalculate(long,long)
Caused by: org.springframework.data.repository.query.QueryCreationException: Could not create query for public abstract com.hexaware.lms.entities.LoanApplication com.hexaware.lms.repository.LoanRepository.propertiesToCalculate(long,long); Reason: Validation failed for query for method public abstract com.hexaware.lms.entities.LoanApplication com.hexaware.lms.repository.LoanRepository.propertiesToCalculate(long,long)
Caused by: java.lang.IllegalArgumentException: Validation failed for query for method public abstract com.hexaware.lms.entities.LoanApplication com.hexaware.lms.repository.LoanRepository.propertiesToCalculate(long,long)
Caused by: java.lang.IllegalArgumentException: org.hibernate.query.sqm.InterpretationException: Error interpreting query [select lp from LoanApplication lp where lp.loanId=?1 and lp.customer.customerId = ?2]; this may indicate a semantic (user query) problem or a bug in the parser [select lp from LoanApplication lp where lp.loanId=?1 and lp.customer.customerId = ?2]
Caused by: org.hibernate.query.sqm.InterpretationException: Error interpreting query [select lp from LoanApplication lp where lp.loanId=?1 and lp.customer.customerId = ?2]; this may indicate a semantic (user query) problem or a bug in the parser [select lp from LoanApplication lp where lp.loanId=?1 and lp.customer.customerId = ?2]
Caused by: java.lang.IllegalArgumentException: org.hibernate.query.SemanticException: Could not resolve attribute 'customerId' of 'com.hexaware.lms.entities.User'
Caused by: org.hibernate.query.SemanticException: Could not resolve attribute 'customerId' of 'com.hexaware.lms.entities.User'

testCreateLoanType  Time elapsed: 0 s  <<< ERROR!
java.lang.IllegalStateException: Failed to load ApplicationContext for [WebMergedContextConfiguration@1a8eed09 testClass = com.hexaware.lms.service.LoanTypeServiceImplTest, locations = [], classes = [com.hexaware.lms.JaFsdLoanMsApplication], contextInitializerClasses = [], activeProfiles = [], propertySourceLocations = [], propertySourceProperties = ["org.springframework.boot.test.context.SpringBootTestContextBootstrapper=true"], contextCustomizers = [org.springframework.boot.test.context.filter.ExcludeFilterContextCustomizer@1e8b7643, org.springframework.boot.test.json.DuplicateJsonObjectContextCustomizerFactory$DuplicateJsonObjectContextCustomizer@432038ec, org.springframework.boot.test.mock.mockito.MockitoContextCustomizer@0, org.springframework.boot.test.web.client.TestRestTemplateContextCustomizer@413f69cc, org.springframework.boot.test.autoconfigure.actuate.observability.ObservabilityContextCustomizerFactory$DisableObservabilityContextCustomizer@9da1, org.springframework.boot.test.autoconfigure.properties.PropertyMappingContextCustomizer@0, org.springframework.boot.test.autoconfigure.web.servlet.WebDriverContextCustomizerFactory$Customizer@5c44c582, org.springframework.boot.test.context.SpringBootTestAnnotation@97de2365], resourceBasePath = "src/main/webapp", contextLoader = org.springframework.boot.test.context.SpringBootContextLoader, parent = null]
Caused by: org.springframework.beans.factory.UnsatisfiedDependencyException: Error creating bean with name 'adminRestController': Unsatisfied dependency expressed through field 'loanService': Error creating bean with name 'loanServiceImpl': Unsatisfied dependency expressed through field 'loanRepo': Error creating bean with name 'loanRepository' defined in com.hexaware.lms.repository.LoanRepository defined in @EnableJpaRepositories declared on JpaRepositoriesRegistrar.EnableJpaRepositoriesConfiguration: Could not create query for public abstract com.hexaware.lms.entities.LoanApplication com.hexaware.lms.repository.LoanRepository.propertiesToCalculate(long,long); Reason: Validation failed for query for method public abstract com.hexaware.lms.entities.LoanApplication com.hexaware.lms.repository.LoanRepository.propertiesToCalculate(long,long)
Caused by: org.springframework.beans.factory.UnsatisfiedDependencyException: Error creating bean with name 'loanServiceImpl': Unsatisfied dependency expressed through field 'loanRepo': Error creating bean with name 'loanRepository' defined in com.hexaware.lms.repository.LoanRepository defined in @EnableJpaRepositories declared on JpaRepositoriesRegistrar.EnableJpaRepositoriesConfiguration: Could not create query for public abstract com.hexaware.lms.entities.LoanApplication com.hexaware.lms.repository.LoanRepository.propertiesToCalculate(long,long); Reason: Validation failed for query for method public abstract com.hexaware.lms.entities.LoanApplication com.hexaware.lms.repository.LoanRepository.propertiesToCalculate(long,long)
Caused by: org.springframework.beans.factory.BeanCreationException: Error creating bean with name 'loanRepository' defined in com.hexaware.lms.repository.LoanRepository defined in @EnableJpaRepositories declared on JpaRepositoriesRegistrar.EnableJpaRepositoriesConfiguration: Could not create query for public abstract com.hexaware.lms.entities.LoanApplication com.hexaware.lms.repository.LoanRepository.propertiesToCalculate(long,long); Reason: Validation failed for query for method public abstract com.hexaware.lms.entities.LoanApplication com.hexaware.lms.repository.LoanRepository.propertiesToCalculate(long,long)
Caused by: org.springframework.data.repository.query.QueryCreationException: Could not create query for public abstract com.hexaware.lms.entities.LoanApplication com.hexaware.lms.repository.LoanRepository.propertiesToCalculate(long,long); Reason: Validation failed for query for method public abstract com.hexaware.lms.entities.LoanApplication com.hexaware.lms.repository.LoanRepository.propertiesToCalculate(long,long)
Caused by: java.lang.IllegalArgumentException: Validation failed for query for method public abstract com.hexaware.lms.entities.LoanApplication com.hexaware.lms.repository.LoanRepository.propertiesToCalculate(long,long)
Caused by: java.lang.IllegalArgumentException: org.hibernate.query.sqm.InterpretationException: Error interpreting query [select lp from LoanApplication lp where lp.loanId=?1 and lp.customer.customerId = ?2]; this may indicate a semantic (user query) problem or a bug in the parser [select lp from LoanApplication lp where lp.loanId=?1 and lp.customer.customerId = ?2]
Caused by: org.hibernate.query.sqm.InterpretationException: Error interpreting query [select lp from LoanApplication lp where lp.loanId=?1 and lp.customer.customerId = ?2]; this may indicate a semantic (user query) problem or a bug in the parser [select lp from LoanApplication lp where lp.loanId=?1 and lp.customer.customerId = ?2]
Caused by: java.lang.IllegalArgumentException: org.hibernate.query.SemanticException: Could not resolve attribute 'customerId' of 'com.hexaware.lms.entities.User'
Caused by: org.hibernate.query.SemanticException: Could not resolve attribute 'customerId' of 'com.hexaware.lms.entities.User'

